<?xml version="1.0" encoding="UTF-8"?>
<testsuite xmlns:xsi="http://www.w3.org/2001/XMLSchema-instance" xsi:noNamespaceSchemaLocation="https://maven.apache.org/surefire/maven-surefire-plugin/xsd/surefire-test-report-3.0.xsd" version="3.0" name="com.example.LoginTest" time="0.223" tests="7" errors="0" skipped="0" failures="0">
  <properties>
[...]
</properties>
  <testcase name="testReturnLoginStatus" classname="com.example.LoginTest" time="0.083">
    <system-out><![CDATA[Username successfully captured
Password successfully captured
Phone number successfully captured
]]></system-out>
  </testcase>
  <testcase name="testLoginUser" classname="com.example.LoginTest" time="0.009">
    <system-out><![CDATA[Username successfully captured
Password successfully captured
Phone number successfully captured
]]></system-out>
  </testcase>
  <testcase name="testSuccessfulRegistration" classname="com.example.LoginTest" time="0.003">
    <system-out><![CDATA[Username successfully captured
Password successfully captured
Phone number successfully captured
]]></system-out>
  </testcase>
  <testcase name="testCellPhoneNumber" classname="com.example.LoginTest" time="0.012">
    <system-out><![CDATA[Phone number successfully captured
Phone number is not correctly formatted; please ensure it starts with +27 and is followed by 9 digits.
]]></system-out>
  </testcase>
  <testcase name="testFailedRegistration" classname="com.example.LoginTest" time="0.005">
    <system-out><![CDATA[Username is not correctly formatted, please ensure that your username contains an underscore and is no more than five characters in length.
Password is not correctly formatted; please ensure that the password contains at least eight characters, a capital letter, a number, and a special character.
Phone number is not correctly formatted; please ensure it starts with +27 and is followed by 9 digits.
]]></system-out>
  </testcase>
  <testcase name="testValidUsername" classname="com.example.LoginTest" time="0.004">
    <system-out><![CDATA[Username successfully captured
Username is not correctly formatted, please ensure that your username contains an underscore and is no more than five characters in length.
]]></system-out>
  </testcase>
  <testcase name="testPasswordComplexity" classname="com.example.LoginTest" time="0.008">
    <system-out><![CDATA[Password successfully captured
Password is not correctly formatted; please ensure that the password contains at least eight characters, a capital letter, a number, and a special character.
]]></system-out>
  </testcase>
</testsuite>